Initializing IPC Client...
Initializing VST3 Host...
Phase 1 AudioBridge is running. Press Ctrl+C to stop.
[DIAG] IPC Processing thread started (BLOCK_SIZE=128)
[APO LOG] DllGetClassObject called!
[APO LOG] CClassFactory::CreateInstance started! pUnkOuter=00000223D0390438
[APO LOG] RimeApo Constructor called! pUnkOuter = 00000223D0390438
[APO LOG] CClassFactory::CreateInstance calling NonDelegatingQueryInterface!
[APO LOG] RimeApo NonDelegatingQueryInterface: IUnknown
[APO LOG] RimeApo NonDelegatingAddRef: 2
[APO LOG] CClassFactory::CreateInstance QueryInterface returned 0
[APO LOG] RimeApo NonDelegatingRelease: 1
[APO LOG] RimeApo NonDelegatingQueryInterface: IAudioProcessingObject
[APO LOG] RimeApo NonDelegatingQueryInterface: IAudioSystemEffects
[APO LOG] RimeApo NonDelegatingQueryInterface: IAudioSystemEffects2
[APO LOG] RimeApo Initialize called! cbDataSize: 88
[APO LOG] RimeApo Initialize: InitializeForDiscoveryOnly = 0
[APO LOG] RimeApo Initialize: AudioProcessingMode = C18E2F7E-933D-4965-B7D1-1EEF228D2AF3
[APO LOG] RimeApo mapSharedMemory SUCCESS!
[APO LOG] RimeApo NonDelegatingQueryInterface: IApoAuxiliaryInputConfiguration
[APO LOG] RimeApo NonDelegatingRelease: 0
[APO LOG] RimeApo DELETING SELF!
[APO LOG] RimeApo Destructor called!
[APO LOG] RimeApo GetLatency called!
[APO LOG] RimeApo NonDelegatingQueryInterface: E_NOINTERFACE for 24BDC606-D710-4D62-BE35-BE665FBC3E00
[APO LOG] DllGetClassObject called!
[APO LOG] CClassFactory::CreateInstance started! pUnkOuter=00000223D0E72CF8
[APO LOG] RimeApo Constructor called! pUnkOuter = 00000223D0E72CF8
[APO LOG] CClassFactory::CreateInstance calling NonDelegatingQueryInterface!
[APO LOG] RimeApo NonDelegatingQueryInterface: IUnknown
[APO LOG] RimeApo NonDelegatingAddRef: 2
RIME UI Opened.
[APO LOG] CClassFactory::CreateInstance QueryInterface returned 0
[APO LOG] RimeApo NonDelegatingRelease: 1
[APO LOG] RimeApo NonDelegatingQueryInterface: IAudioProcessingObject
[APO LOG] RimeApo NonDelegatingQueryInterface: IAudioProcessingObjectRT
[APO LOG] RimeApo NonDelegatingQueryInterface: IAudioProcessingObjectConfiguration
[APO LOG] RimeApo NonDelegatingQueryInterface: E_NOINTERFACE for 69E1F79F-6EAE-4517-BE9F-13AA90E30014
[APO LOG] RimeApo NonDelegatingQueryInterface: IAudioSystemEffects2
[APO LOG] RimeApo Initialize called! cbDataSize: 88
[APO LOG] RimeApo Initialize: InitializeForDiscoveryOnly = 0
[APO LOG] RimeApo Initialize: AudioProcessingMode = C18E2F7E-933D-4965-B7D1-1EEF228D2AF3
[APO LOG] RimeApo mapSharedMemory SUCCESS!
[APO LOG] RimeApo IsInputFormatSupported: wFormatTag=65534, nChannels=2, nSamplesPerSec=48000, wBitsPerSample=32
[APO LOG] RimeApo NonDelegatingQueryInterface: E_NOINTERFACE for D81229B1-5A43-480C-92F7-BE0F7F4EAB60
[APO LOG] RimeApo NonDelegatingQueryInterface: E_NOINTERFACE for 2B6A07F7-EA05-428B-A730-AFB23C032F5C
[APO LOG] RimeApo NonDelegatingQueryInterface: E_NOINTERFACE for 6BB6A944-7352-4327-AB91-D92607B25656
[APO LOG] RimeApo NonDelegatingQueryInterface: E_NOINTERFACE for 788F7BE2-9C40-41C0-AF05-4393FBF409F9
[APO LOG] RimeApo NonDelegatingQueryInterface: E_NOINTERFACE for BB8B2F5D-2AF0-473F-BD94-F55A77587D3F
[APO LOG] RimeApo NonDelegatingQueryInterface: E_NOINTERFACE for 7DF8824C-AEC7-4119-9425-E6979172A8AE
[APO LOG] RimeApo NonDelegatingQueryInterface: E_NOINTERFACE for 6B54B2B5-45EE-4F11-9935-9EC3183AD534
[APO LOG] RimeApo NonDelegatingQueryInterface: E_NOINTERFACE for 22150B0D-AB8E-4F85-BD9A-8580E3B290F1
[DIAG] t=[APO LOG] RimeApo NonDelegatingQueryInterface: E_NOINTERFACE for A026A0BF-1E7E-430B-B0D5-D4F3689D02AE
1s | blocks processed via IPC=1461
[APO LOG] RimeApo NonDelegatingQueryInterface: E_NOINTERFACE for 7BA1DB8F-78AD-49CD-9591-F79D80A17C81
[APO LOG] RimeApo NonDelegatingQueryInterface: E_NOINTERFACE for 94EA2B94-E9CC-49E0-C0FF-EE64CA8F5B90
[APO LOG] RimeApo NonDelegatingQueryInterface: E_NOINTERFACE for 2132B005-C604-4354-85BD-8F2E24181B0C
[APO LOG] RimeApo NonDelegatingQueryInterface: E_NOINTERFACE for 00000003-0000-0000-C000-000000000046
[APO LOG] RimeApo NonDelegatingQueryInterface: E_NOINTERFACE for ECC8691B-C1DB-4DC0-855E-65F6C551AF49
[APO LOG] RimeApo NonDelegatingQueryInterface: E_NOINTERFACE for 94EA2B94-E9CC-49E0-C0FF-EE64CA8F5B90
[APO LOG] RimeApo NonDelegatingQueryInterface: E_NOINTERFACE for 2132B005-C604-4354-85BD-8F2E24181B0C
[APO LOG] RimeApo NonDelegatingQueryInterface: E_NOINTERFACE for 00000003-0000-0000-C000-000000000046
[APO LOG] RimeApo NonDelegatingQueryInterface: E_NOINTERFACE for 0000001B-0000-0000-C000-000000000046
[APO LOG] RimeApo NonDelegatingQueryInterface: E_NOINTERFACE for 00000018-0000-0000-C000-000000000046
[APO LOG] RimeApo NonDelegatingQueryInterface: E_NOINTERFACE for 334D391F-0E79-3B15-C9FF-EAC65DD07C42
[APO LOG] RimeApo NonDelegatingQueryInterface: E_NOINTERFACE for 00000040-0000-0000-C000-000000000046
[APO LOG] RimeApo NonDelegatingQueryInterface: E_NOINTERFACE for 334D391F-0E79-3B15-C9FF-EAC65DD07C42
[APO LOG] RimeApo NonDelegatingQueryInterface: E_NOINTERFACE for 94EA2B94-E9CC-49E0-C0FF-EE64CA8F5B90
[APO LOG] RimeApo NonDelegatingQueryInterface: E_NOINTERFACE for 334D391F-0E79-3B15-C9FF-EAC65DD07C42
[APO LOG] RimeApo NonDelegatingQueryInterface: E_NOINTERFACE for 77DD1250-139C-2BC3-BD95-900ACED61BE5
[APO LOG] RimeApo NonDelegatingQueryInterface: E_NOINTERFACE for 334D391F-0E79-3B15-C9FF-EAC65DD07C42
[APO LOG] RimeApo NonDelegatingQueryInterface: E_NOINTERFACE for BFD60505-5A1F-4E41-88BA-A6FB07202DA9
[APO LOG] RimeApo NonDelegatingQueryInterface: E_NOINTERFACE for 334D391F-0E79-3B15-C9FF-EAC65DD07C42
[APO LOG] RimeApo NonDelegatingQueryInterface: E_NOINTERFACE for 143715D9-A015-40EA-B695-D5CC267E36EE
[APO LOG] RimeApo NonDelegatingQueryInterface: E_NOINTERFACE for D6DEFAB3-DBB9-4413-8AF9-554586FDFF94
[APO LOG] RimeApo NonDelegatingQueryInterface: E_NOINTERFACE for EA5D0DE4-770D-4DA0-A9F8-D7F9A140FF79
[APO LOG] RimeApo NonDelegatingQueryInterface: E_NOINTERFACE for 816E5B3E-5523-4EFC-9223-98EC4214C3A0
[APO LOG] RimeApo NonDelegatingQueryInterface: E_NOINTERFACE for 3C169FF7-37B2-484C-B199-C3155590F316
[APO LOG] RimeApo NonDelegatingQueryInterface: E_NOINTERFACE for 4F4F92B5-6DED-4E9B-A93F-013891B3A8B7
[APO LOG] RimeApo NonDelegatingQueryInterface: E_NOINTERFACE for 9BC79C93-2289-4BB5-ABF4-3287FD9CAE39
[APO LOG] RimeApo NonDelegatingQueryInterface: E_NOINTERFACE for 1868091E-AB5A-415F-A02F-5C4DD0CF901D
[APO LOG] RimeApo NonDelegatingQueryInterface: E_NOINTERFACE for 11456F96-09D1-4909-8F36-4EB74E42B93E
[APO LOG] RimeApo NonDelegatingQueryInterface: E_NOINTERFACE for 1AC7516E-E6BB-4A69-B63F-E841904DC5A6
[APO LOG] RimeApo NonDelegatingQueryInterface: E_NOINTERFACE for 35BD3360-1B35-4927-BAE4-B10E70D99EFF
[APO LOG] RimeApo NonDelegatingQueryInterface: E_NOINTERFACE for F2153260-232E-4474-9D0A-9F2AB153441D
[APO LOG] RimeApo NonDelegatingQueryInterface: E_NOINTERFACE for 334D391F-0E79-3B15-C9FF-EAC65DD07C42
[APO LOG] RimeApo NonDelegatingQueryInterface: E_NOINTERFACE for 03FB5C57-D534-45F5-A1F4-D39556983875
[APO LOG] RimeApo NonDelegatingQueryInterface: E_NOINTERFACE for 334D391F-0E79-3B15-C9FF-EAC65DD07C42
[APO LOG] RimeApo NonDelegatingQueryInterface: E_NOINTERFACE for 2C258AE7-50DC-49FF-9D1D-2ECB9A52CDD7
[APO LOG] RimeApo NonDelegatingQueryInterface: E_NOINTERFACE for 00000019-0000-0000-C000-000000000046
[APO LOG] RimeApo NonDelegatingQueryInterface: E_NOINTERFACE for 4C1E39E1-E3E3-4296-AA86-EC938D896E92
[APO LOG] RimeApo NonDelegatingQueryInterface: E_NOINTERFACE for D81229B1-5A43-480C-92F7-BE0F7F4EAB60
[APO LOG] RimeApo NonDelegatingQueryInterface: E_NOINTERFACE for 885C7B80-3FA2-4E5A-BE07-CF01E1D6E2CD
[APO LOG] RimeApo NonDelegatingQueryInterface: E_NOINTERFACE for 788F7BE2-9C40-41C0-AF05-4393FBF409F9
[APO LOG] RimeApo NonDelegatingQueryInterface: E_NOINTERFACE for 2B6A07F7-EA05-428B-A730-AFB23C032F5C
[APO LOG] RimeApo NonDelegatingQueryInterface: E_NOINTERFACE for A026A0BF-1E7E-430B-B0D5-D4F3689D02AE
[APO LOG] RimeApo NonDelegatingQueryInterface: E_NOINTERFACE for 8AB91395-F920-4132-873F-7A40607F7901
[APO LOG] RimeApo NonDelegatingQueryInterface: E_NOINTERFACE for 0E0823FE-8765-49D4-9CCA-C008A449BEF1
[APO LOG] RimeApo GetLatency called!
[APO LOG] RimeApo GetRegistrationProperties called!
[APO LOG] RimeApo GetRegistrationProperties called!
[APO LOG] RimeApo NonDelegatingQueryInterface: E_NOINTERFACE for 98F37DAC-D0B6-49F5-896A-AA4D169A4C48
[APO LOG] RimeApo LockForProcess called! Inputs: 1, Outputs: 1
[APO LOG] RimeApo mapSharedMemory SUCCESS!
[APO LOG] RimeApo APOProcess running. counter=1, hostIsRunning=1, capToHost=48000, capFromHost=48000
[APO LOG] RimeApo NonDelegatingQueryInterface: E_NOINTERFACE for 24BDC606-D710-4D62-BE35-BE665FBC3E00
[APO LOG] RimeApo APOProcess running. counter=2, hostIsRunning=1, capToHost=48000, capFromHost=48000
[APO LOG] RimeApo APOProcess running. counter=3, hostIsRunning=1, capToHost=48000, capFromHost=48000
[APO LOG] RimeApo NonDelegatingQueryInterface: E_NOINTERFACE for FF4FD0E7-DAE6-4F9F-B627-53D3BFBC611A
[APO LOG] RimeApo APOProcess running. counter=4, hostIsRunning=1, capToHost=48000, capFromHost=48000
[APO LOG] RimeApo APOProcess running. counter=5, hostIsRunning=1, capToHost=48000, capFromHost=48000
[APO LOG] RimeApo APOProcess running. counter=6, hostIsRunning=1, capToHost=48000, capFromHost=48000
[APO LOG] RimeApo APOProcess running. counter=7, hostIsRunning=1, capToHost=48000, capFromHost=48000
[APO LOG] RimeApo NonDelegatingQueryInterface: E_NOINTERFACE for B8BB0D7D-75EA-4359-ABDF-D256F849D065
[APO LOG] RimeApo APOProcess running. counter=8, hostIsRunning=1, capToHost=48000, capFromHost=48000
[APO LOG] RimeApo GetLatency called!
[APO LOG] RimeApo APOProcess running. counter=9, hostIsRunning=1, capToHost=48000, capFromHost=48000
[DIAG] t=1s | blocks processed via IPC=1247
[DIAG] t=1s | blocks processed via IPC=1500
[APO LOG] RimeApo NonDelegatingQueryInterface: E_NOINTERFACE for 24BDC606-D710-4D62-BE35-BE665FBC3E00
[APO LOG] RimeApo NonDelegatingQueryInterface: E_NOINTERFACE for FF4FD0E7-DAE6-4F9F-B627-53D3BFBC611A
[APO LOG] RimeApo NonDelegatingQueryInterface: E_NOINTERFACE for B8BB0D7D-75EA-4359-ABDF-D256F849D065
[APO LOG] RimeApo NonDelegatingQueryInterface: E_NOINTERFACE for 00000003-0000-0000-C000-000000000046
[APO LOG] RimeApo NonDelegatingRelease: 0
[APO LOG] RimeApo DELETING SELF!
[APO LOG] RimeApo Destructor called!
[APO LOG] RimeApo NonDelegatingQueryInterface: E_NOINTERFACE for 24BDC606-D710-4D62-BE35-BE665FBC3E00
